19:12:03 [INFO] - Running activation sequence for Fiori tools - Application Modeler
19:12:03 [INFO] - Configurations: 'sap.ux.applicationModeler.showJsonSchemas': false; isTheia(): false; isAppStudio(): true
19:12:04 [INFO] - Register Fiori tools file system for configurations...
19:12:04 [INFO] - ...Fiori tools file system registered in 0.950ms
19:12:04 [INFO] - Register views for configurations...
19:12:04 [INFO] - ...views for configurations registered in 1.016ms
19:12:04 [INFO] - Register commands...
19:12:04 [INFO] - ...commands registered in 4.235ms
19:12:04 [INFO] - Activating sync module...
19:12:04 [INFO] - Virtual file system ftfs initialized in 0.203ms
19:12:04 [INFO] - Searching for projects in these workspace folders: 
[ '/home/user/projects/SmartCanteen' ]
19:12:05 [INFO] - SAP UX projects found and added in 1208.026ms
19:12:05 [INFO] - Start watching **/package.json
19:12:05 [INFO] - package.json watched in 1.875ms
19:12:05 [INFO] - Start watching for workspace folder changes
19:12:05 [INFO] - Workspace folders watched in 0.625ms
19:12:05 [INFO] - Configs watched in 0.296ms
19:12:05 [INFO] - ...sync module activated in 1214.121ms
19:12:05 [INFO] - Activating launch config integration
19:12:05 [INFO] - Handler for Fiori launch configuration registered
19:12:05 [INFO] - ...launch config integration activated in 1.667ms
19:12:05 [INFO] - Activating migration module...
19:12:05 [INFO] - SAP Fiori tools - Application Modeler
'Migration start watching for workspace folder changes'
19:12:05 [INFO] - Workspace folders watched in 0.807ms
19:12:05 [INFO] - SAP Fiori tools - Application Modeler
'Migration start watching **/package.json'
19:12:05 [INFO] - package.json watched in 8.068ms
19:12:05 [INFO] - SAP Fiori tools - Application Modeler
'Migration start watching **/pom.xml'
19:12:05 [INFO] - pom.xml watched in 1.007ms
19:12:05 [INFO] - SAP Fiori tools - Application Modeler
'Migration start watching **/neo-app.json'
19:12:05 [INFO] - neo-app.json watched in 0.683ms
19:12:05 [INFO] - SAP Fiori tools - Application Modeler
'Migration start watching **/manifest.json'
19:12:05 [INFO] - manifest.json watched in 10.582ms
19:12:05 [INFO] - ...migration module activated in 363.543ms
19:12:05 [INFO] - activation sequence for Fiori tools - Application Modeler done in 3018.052ms
