{
  "label": "vscode-wing-cap-run",
  "level": "warn",
  "message": "Activating the 'vscode-wing-cap-run' extension...",
  "time": "2022-12-06T19:05:00.579Z"
}
{
  "label": "vscode-wing-cap-run",
  "level": "warn",
  "message": "The \"vscode-wing-cap-run\" extension is now active.",
  "time": "2022-12-06T19:05:00.629Z"
}
{
  "label": "vscode-wing-cap-run",
  "level": "warn",
  "message": "The extension SAPSE.vscode-wing-cap-guided-development found and is about to be activated",
  "time": "2022-12-06T19:05:00.630Z"
}
{
  "label": "vscode-wing-cap-run",
  "level": "warn",
  "message": "The extension SAPSE.vscode-wing-cap-guided-development has been activated",
  "time": "2022-12-06T19:05:01.798Z"
}
{
  "label": "vscode-wing-cap-run",
  "level": "warn",
  "message": "Language Client of CDS LSP is ready.",
  "time": "2022-12-06T19:05:01.798Z"
}
