[2022-12-06T19:05:00.500Z] Log level: Info
[2022-12-06T19:05:00.502Z] [info] Validating found git in: git
[2022-12-06T19:05:00.645Z] [info] Using git 2.30.2 from git
[2022-12-06T19:05:00.745Z] > git rev-parse --show-toplevel [66ms]
[2022-12-06T19:05:00.829Z] > git rev-parse --git-dir --git-common-dir [57ms]
[2022-12-06T19:05:00.837Z] [info] Open repository: /home/user/projects/SmartCanteen
[2022-12-06T19:05:00.883Z] > git status -z -uall [7ms]
[2022-12-06T19:05:00.916Z] > git symbolic-ref --short HEAD [2ms]
[2022-12-06T19:05:01.000Z] > git for-each-ref --format=%(refname)%00%(upstream:short)%00%(objectname)%00%(upstream:track)%00%(upstream:remotename)%00%(upstream:remoteref) refs/heads/master refs/remotes/master [58ms]
[2022-12-06T19:05:01.059Z] > git remote --verbose [1ms]
[2022-12-06T19:05:01.060Z] > git for-each-ref --sort -committerdate --format %(refname) %(objectname) %(*objectname) [30ms]
[2022-12-06T19:05:01.099Z] > git config --get commit.template [7ms]
[2022-12-06T19:05:03.306Z] > git status -z -uall [2ms]
[2022-12-06T19:05:03.332Z] > git symbolic-ref --short HEAD [1ms]
[2022-12-06T19:05:03.497Z] > git for-each-ref --format=%(refname)%00%(upstream:short)%00%(objectname)%00%(upstream:track)%00%(upstream:remotename)%00%(upstream:remoteref) refs/heads/master refs/remotes/master [141ms]
[2022-12-06T19:05:03.560Z] > git for-each-ref --sort -committerdate --format %(refname) %(objectname) %(*objectname) [32ms]
[2022-12-06T19:05:03.560Z] > git remote --verbose [2ms]
[2022-12-06T19:05:03.591Z] > git config --get commit.template [2ms]
[2022-12-06T19:05:10.888Z] > git check-ignore -v -z --stdin [1ms]
[2022-12-06T19:05:13.845Z] > git check-ignore -v -z --stdin [3ms]
[2022-12-06T19:09:07.408Z] > git add -A -- . [7ms]
[2022-12-06T19:09:09.526Z] > git check-ignore -v -z --stdin [1ms]
[2022-12-06T19:09:09.812Z] > git show --textconv :.git/COMMIT_EDITMSG [29ms]
[2022-12-06T19:09:09.812Z] > git ls-files --stage -- /home/user/projects/SmartCanteen/.git/COMMIT_EDITMSG [3ms]
[2022-12-06T19:09:18.227Z] > git -c user.useConfigOnly=true commit --quiet [10796ms]
[2022-12-06T19:09:18.256Z] > git status -z -uall [2ms]
[2022-12-06T19:09:18.289Z] > git symbolic-ref --short HEAD [2ms]
[2022-12-06T19:09:18.314Z] > git for-each-ref --format=%(refname)%00%(upstream:short)%00%(objectname)%00%(upstream:track)%00%(upstream:remotename)%00%(upstream:remoteref) refs/heads/master refs/remotes/master [1ms]
[2022-12-06T19:09:18.356Z] > git for-each-ref --sort -committerdate --format %(refname) %(objectname) %(*objectname) [20ms]
[2022-12-06T19:09:18.357Z] > git remote --verbose [2ms]
[2022-12-06T19:09:18.394Z] > git config --get commit.template [1ms]
[2022-12-06T19:09:19.938Z] > git status -z -uall [1ms]
[2022-12-06T19:09:19.960Z] > git symbolic-ref --short HEAD [1ms]
[2022-12-06T19:09:19.983Z] > git for-each-ref --format=%(refname)%00%(upstream:short)%00%(objectname)%00%(upstream:track)%00%(upstream:remotename)%00%(upstream:remoteref) refs/heads/master refs/remotes/master [2ms]
[2022-12-06T19:09:20.025Z] > git remote --verbose [2ms]
[2022-12-06T19:09:20.025Z] > git for-each-ref --sort -committerdate --format %(refname) %(objectname) %(*objectname) [22ms]
[2022-12-06T19:09:20.046Z] > git config --get commit.template [1ms]
[2022-12-06T19:54:58.458Z] > git status -z -uall [10ms]
[2022-12-06T19:54:58.488Z] > git symbolic-ref --short HEAD [4ms]
[2022-12-06T19:54:58.511Z] > git for-each-ref --format=%(refname)%00%(upstream:short)%00%(objectname)%00%(upstream:track)%00%(upstream:remotename)%00%(upstream:remoteref) refs/heads/master refs/remotes/master [3ms]
[2022-12-06T19:54:58.555Z] > git remote --verbose [8ms]
[2022-12-06T19:54:58.556Z] > git for-each-ref --sort -committerdate --format %(refname) %(objectname) %(*objectname) [26ms]
[2022-12-06T19:54:58.586Z] > git config --get commit.template [1ms]
