19:54:03 [INFO] - Running activation sequence for Fiori tools - Application Modeler
19:54:03 [INFO] - Configurations: 'sap.ux.applicationModeler.showJsonSchemas': false; isTheia(): false; isAppStudio(): true
19:54:05 [INFO] - Register Fiori tools file system for configurations...
19:54:05 [INFO] - ...Fiori tools file system registered in 1.896ms
19:54:05 [INFO] - Register views for configurations...
19:54:05 [INFO] - ...views for configurations registered in 1.426ms
19:54:05 [INFO] - Register commands...
19:54:05 [INFO] - ...commands registered in 10.304ms
19:54:05 [INFO] - Activating sync module...
19:54:05 [INFO] - Virtual file system ftfs initialized in 0.248ms
19:54:05 [INFO] - SAP UX projects found and added in 1.490ms
19:54:05 [INFO] - Start watching **/package.json
19:54:05 [INFO] - package.json watched in 0.981ms
19:54:05 [INFO] - Start watching for workspace folder changes
19:54:05 [INFO] - Workspace folders watched in 0.691ms
19:54:05 [INFO] - Configs watched in 0.160ms
19:54:05 [INFO] - ...sync module activated in 6.888ms
19:54:05 [INFO] - Activating launch config integration
19:54:05 [INFO] - Handler for Fiori launch configuration registered
19:54:05 [INFO] - ...launch config integration activated in 2.940ms
19:54:05 [INFO] - Activating migration module...
19:54:05 [INFO] - SAP Fiori tools - Application Modeler
'Migration start watching for workspace folder changes'
19:54:05 [INFO] - Workspace folders watched in 1.344ms
19:54:05 [INFO] - SAP Fiori tools - Application Modeler
'Migration start watching **/package.json'
19:54:05 [INFO] - package.json watched in 0.890ms
19:54:05 [INFO] - SAP Fiori tools - Application Modeler
'Migration start watching **/pom.xml'
19:54:05 [INFO] - pom.xml watched in 0.660ms
19:54:05 [INFO] - SAP Fiori tools - Application Modeler
'Migration start watching **/neo-app.json'
19:54:05 [INFO] - neo-app.json watched in 0.935ms
19:54:05 [INFO] - SAP Fiori tools - Application Modeler
'Migration start watching **/manifest.json'
19:54:05 [INFO] - manifest.json watched in 0.662ms
19:54:05 [INFO] - ...migration module activated in 6.694ms
19:54:05 [INFO] - activation sequence for Fiori tools - Application Modeler done in 2083.567ms
