[1670356443252] INFO  (ext): SQLTools is starting
[1670356443258] INFO  (ext): initializing language client...
[1670356443528] INFO  (ext): Registering client for languages [{"scheme":"sqltools"},{"language":"sql","scheme":"untitled"},{"language":"sql","scheme":"file"},{"language":"sql","scheme":"sqltools"}]
    ns: "lc"
[1670356443773] INFO  (ext): loading plugins...
[1670356443774] INFO  (ext): registering Formatter Plugin.
    plugin: {
      "name": "Formatter Plugin"
    }
[1670356443775] INFO  (ext): registering Connection Manager Plugin.
    plugin: {
      "name": "Connection Manager Plugin"
    }
[1670356443775] INFO  (ext): registering CodeLens Plugin.
    plugin: {
      "name": "CodeLens Plugin",
      "registeredLanguages": []
    }
[1670356443787] INFO  (ext): registering Dependency Manager Plugin.
    plugin: {
      "name": "Dependency Manager Plugin",
      "installingDrivers": []
    }
[1670356443789] INFO  (ext): Connection explorer changed. Will be updated.
    ns: "conn-man:explorer"
[1670356443790] INFO  (ext): registering History Manager Plugin.
    plugin: {
      "name": "History Manager Plugin"
    }
[1670356443790] INFO  (ext): registering Bookmarks Manager Plugin.
    plugin: {
      "name": "Bookmarks Manager Plugin"
    }
[1670356443794] INFO  (ext): SQLTools activation completed. 541.536436 ms
[1670356443835] INFO  (ext): Formatter Plugin registered!
[1670356443835] INFO  (ext): CodeLens Plugin registered!
[1670356443836] INFO  (ext): Dependency Manager Plugin registered!
[1670356443836] INFO  (ext): Connection Manager Plugin registered!
[1670356443836] INFO  (ext): History Manager Plugin registered!
[1670356443836] INFO  (ext): Bookmarks Manager Plugin registered!
[1670356446425] INFO  (ext): EXECUTING COMMAND => sqltools.refreshTree
[1670356446428] INFO  (ext): Connection explorer changed. Will be updated.
    ns: "conn-man:explorer"
[1670356444145] INFO  (ls): SQLTools Server started!
===============================
Using node runtime?: yes
ExecPath: /opt/nodejs/node-v16.11.1-linux-x64/bin/node v16.11.1
===============================
[1670356444152] INFO  (ls): User defined env vars
===============================
{"PATH":"/usr/local/sbin:/usr/local/bin:/usr/sbin:/usr/bin:/sbin:/bin:/home/user/.node_modules_global/bin"}
===============================:
[1670356446498] INFO  (ext): LanguageClient ready
    ns: "lc"
[1670356446528] INFO  (ext): Connection explorer changed. Will be updated.
    ns: "conn-man:explorer"
[1670356446493] INFO  (ls): Initialized with node version:v16.11.1
[1670356447017] INFO  (ext): registering SQLite Plugin (driver).
    plugin: {
      "extensionId": "mtxr.sqltools-driver-sqlite",
      "name": "SQLite Plugin",
      "type": "driver"
    }
[1670356447019] INFO  (ls): REQUEST RECEIVED => ls/RegisterPlugin
[1670356447019] INFO  (ls): request to register plugin: "/extbin/local/openvscode-server/extensions/sqltools-driver-sqlite-0.4.0/out/ls/plugin.js"
[1670356447075] INFO  (ls): Driver sqlite registered!
    place: "driver-map"
    ns: "ls-context"
[1670356447088] INFO  (ext): SQLite Plugin (driver) registered!
[1670356448262] INFO  (ext): EXECUTING COMMAND => sqltools.refreshTree
[1670356448262] INFO  (ext): Connection explorer changed. Will be updated.
    ns: "conn-man:explorer"
