20:26:53 [INFO] - Running activation sequence for Fiori tools - Application Modeler
20:26:53 [INFO] - Configurations: 'sap.ux.applicationModeler.showJsonSchemas': false; isTheia(): false; isAppStudio(): true
20:26:54 [INFO] - Register Fiori tools file system for configurations...
20:26:54 [INFO] - ...Fiori tools file system registered in 0.807ms
20:26:54 [INFO] - Register views for configurations...
20:26:54 [INFO] - ...views for configurations registered in 0.974ms
20:26:54 [INFO] - Register commands...
20:26:54 [INFO] - ...commands registered in 5.876ms
20:26:54 [INFO] - Activating sync module...
20:26:54 [INFO] - Virtual file system ftfs initialized in 0.217ms
20:26:54 [INFO] - Searching for projects in these workspace folders: 
[ '/home/user', '/home/user/projects/helloSAP' ]
20:26:55 [INFO] - SAP UX projects found and added in 1138.202ms
20:26:55 [INFO] - Start watching **/package.json
20:26:55 [INFO] - package.json watched in 0.873ms
20:26:55 [INFO] - Start watching for workspace folder changes
20:26:55 [INFO] - Workspace folders watched in 0.405ms
20:26:55 [INFO] - Configs watched in 0.151ms
20:26:55 [INFO] - ...sync module activated in 1142.381ms
20:26:55 [INFO] - Activating launch config integration
20:26:55 [INFO] - Handler for Fiori launch configuration registered
20:26:55 [INFO] - ...launch config integration activated in 1.022ms
20:26:55 [INFO] - Activating migration module...
20:26:55 [INFO] - SAP Fiori tools - Application Modeler
'Migration start watching for workspace folder changes'
20:26:55 [INFO] - Workspace folders watched in 0.518ms
20:26:55 [INFO] - SAP Fiori tools - Application Modeler
'Migration start watching **/package.json'
20:26:55 [INFO] - package.json watched in 0.703ms
20:26:55 [INFO] - SAP Fiori tools - Application Modeler
'Migration start watching **/pom.xml'
20:26:55 [INFO] - pom.xml watched in 0.644ms
20:26:55 [INFO] - SAP Fiori tools - Application Modeler
'Migration start watching **/neo-app.json'
20:26:55 [INFO] - neo-app.json watched in 0.486ms
20:26:55 [INFO] - SAP Fiori tools - Application Modeler
'Migration start watching **/manifest.json'
20:26:55 [INFO] - manifest.json watched in 0.652ms
20:26:58 [INFO] - ...migration module activated in 2504.762ms
20:26:58 [INFO] - activation sequence for Fiori tools - Application Modeler done in 5072.938ms
