[1670358412910] INFO  (ext): SQLTools is starting
[1670358412916] INFO  (ext): initializing language client...
[1670358413168] INFO  (ext): Registering client for languages [{"scheme":"sqltools"},{"language":"sql","scheme":"untitled"},{"language":"sql","scheme":"file"},{"language":"sql","scheme":"sqltools"}]
    ns: "lc"
[1670358413327] INFO  (ext): loading plugins...
[1670358413328] INFO  (ext): registering Formatter Plugin.
    plugin: {
      "name": "Formatter Plugin"
    }
[1670358413328] INFO  (ext): registering Connection Manager Plugin.
    plugin: {
      "name": "Connection Manager Plugin"
    }
[1670358413329] INFO  (ext): registering CodeLens Plugin.
    plugin: {
      "name": "CodeLens Plugin",
      "registeredLanguages": []
    }
[1670358413330] INFO  (ext): registering Dependency Manager Plugin.
    plugin: {
      "name": "Dependency Manager Plugin",
      "installingDrivers": []
    }
[1670358413332] INFO  (ext): Connection explorer changed. Will be updated.
    ns: "conn-man:explorer"
[1670358413332] INFO  (ext): registering History Manager Plugin.
    plugin: {
      "name": "History Manager Plugin"
    }
[1670358413332] INFO  (ext): registering Bookmarks Manager Plugin.
    plugin: {
      "name": "Bookmarks Manager Plugin"
    }
[1670358413334] INFO  (ext): SQLTools activation completed. 424.307694 ms
[1670358413335] INFO  (ext): Formatter Plugin registered!
[1670358413335] INFO  (ext): CodeLens Plugin registered!
[1670358413335] INFO  (ext): Dependency Manager Plugin registered!
[1670358413336] INFO  (ext): Connection Manager Plugin registered!
[1670358413336] INFO  (ext): History Manager Plugin registered!
[1670358413336] INFO  (ext): Bookmarks Manager Plugin registered!
[1670358415092] INFO  (ext): EXECUTING COMMAND => sqltools.refreshTree
[1670358415092] INFO  (ext): Connection explorer changed. Will be updated.
    ns: "conn-man:explorer"
[1670358415400] INFO  (ext): Connection explorer changed. Will be updated.
    ns: "conn-man:explorer"
[1670358415422] INFO  (ls): SQLTools Server started!
===============================
Using node runtime?: yes
ExecPath: /opt/nodejs/node-v16.11.1-linux-x64/bin/node v16.11.1
===============================
[1670358415427] INFO  (ls): User defined env vars
===============================
{"PATH":"/usr/local/sbin:/usr/local/bin:/usr/sbin:/usr/bin:/sbin:/bin:/home/user/.node_modules_global/bin"}
===============================:
[1670358415492] INFO  (ext): LanguageClient ready
    ns: "lc"
[1670358415493] INFO  (ls): Initialized with node version:v16.11.1
[1670358415946] INFO  (ext): registering SQLite Plugin (driver).
    plugin: {
      "extensionId": "mtxr.sqltools-driver-sqlite",
      "name": "SQLite Plugin",
      "type": "driver"
    }
[1670358415947] INFO  (ls): REQUEST RECEIVED => ls/RegisterPlugin
[1670358415947] INFO  (ls): request to register plugin: "/extbin/local/openvscode-server/extensions/sqltools-driver-sqlite-0.4.0/out/ls/plugin.js"
[1670358416012] INFO  (ls): Driver sqlite registered!
    place: "driver-map"
    ns: "ls-context"
[1670358416209] INFO  (ext): SQLite Plugin (driver) registered!
[1670358416940] INFO  (ext): Connection explorer changed. Will be updated.
    ns: "conn-man:explorer"
[1670358417211] INFO  (ext): EXECUTING COMMAND => sqltools.refreshTree
[1670358417212] INFO  (ext): Connection explorer changed. Will be updated.
    ns: "conn-man:explorer"
[1670358417240] INFO  (ext): Connection explorer changed. Will be updated.
    ns: "conn-man:explorer"
[1670358417800] INFO  (ext): Connection explorer changed. Will be updated.
    ns: "conn-man:explorer"
[1670358417804] INFO  (ext): Connection explorer changed. Will be updated.
    ns: "conn-man:explorer"
[1670358427457] INFO  (ext): Connection explorer changed. Will be updated.
    ns: "conn-man:explorer"
[1670358456042] INFO  (ext): Connection explorer changed. Will be updated.
    ns: "conn-man:explorer"
[1670358470328] INFO  (ext): Connection explorer changed. Will be updated.
    ns: "conn-man:explorer"
[1670358471863] INFO  (ext): Connection explorer changed. Will be updated.
    ns: "conn-man:explorer"
