18:52:55 [INFO] - Running activation sequence for Fiori tools - Application Modeler
18:52:55 [INFO] - Configurations: 'sap.ux.applicationModeler.showJsonSchemas': false; isTheia(): false; isAppStudio(): true
18:52:58 [INFO] - Register Fiori tools file system for configurations...
18:52:58 [INFO] - ...Fiori tools file system registered in 5.190ms
18:52:58 [INFO] - Register views for configurations...
18:52:58 [INFO] - ...views for configurations registered in 2.801ms
18:52:58 [INFO] - Register commands...
18:52:58 [INFO] - ...commands registered in 8.433ms
18:52:58 [INFO] - Activating sync module...
18:52:58 [INFO] - Virtual file system ftfs initialized in 0.378ms
18:52:58 [INFO] - SAP UX projects found and added in 1.785ms
18:52:58 [INFO] - Start watching **/package.json
18:52:58 [INFO] - package.json watched in 3.000ms
18:52:58 [INFO] - Start watching for workspace folder changes
18:52:58 [INFO] - Workspace folders watched in 0.544ms
18:52:58 [INFO] - Configs watched in 0.237ms
18:52:58 [INFO] - ...sync module activated in 14.585ms
18:52:58 [INFO] - Activating launch config integration
18:52:58 [INFO] - Handler for Fiori launch configuration registered
18:52:58 [INFO] - ...launch config integration activated in 3.008ms
18:52:58 [INFO] - Activating migration module...
18:52:58 [INFO] - SAP Fiori tools - Application Modeler
'Migration start watching for workspace folder changes'
18:52:58 [INFO] - Workspace folders watched in 0.858ms
18:52:58 [INFO] - SAP Fiori tools - Application Modeler
'Migration start watching **/package.json'
18:52:58 [INFO] - package.json watched in 0.702ms
18:52:58 [INFO] - SAP Fiori tools - Application Modeler
'Migration start watching **/pom.xml'
18:52:58 [INFO] - pom.xml watched in 0.536ms
18:52:58 [INFO] - SAP Fiori tools - Application Modeler
'Migration start watching **/neo-app.json'
18:52:58 [INFO] - neo-app.json watched in 0.793ms
18:52:58 [INFO] - SAP Fiori tools - Application Modeler
'Migration start watching **/manifest.json'
18:52:58 [INFO] - manifest.json watched in 0.451ms
18:52:58 [INFO] - ...migration module activated in 5.585ms
18:52:58 [INFO] - activation sequence for Fiori tools - Application Modeler done in 2790.003ms
