[1670352775205] INFO  (ext): SQLTools is starting
[1670352775209] INFO  (ext): initializing language client...
[1670352775438] INFO  (ext): Registering client for languages [{"scheme":"sqltools"},{"language":"sql","scheme":"untitled"},{"language":"sql","scheme":"file"},{"language":"sql","scheme":"sqltools"}]
    ns: "lc"
[1670352775666] INFO  (ext): loading plugins...
[1670352775666] INFO  (ext): registering Formatter Plugin.
    plugin: {
      "name": "Formatter Plugin"
    }
[1670352775667] INFO  (ext): registering Connection Manager Plugin.
    plugin: {
      "name": "Connection Manager Plugin"
    }
[1670352775667] INFO  (ext): registering CodeLens Plugin.
    plugin: {
      "name": "CodeLens Plugin",
      "registeredLanguages": []
    }
[1670352775669] INFO  (ext): registering Dependency Manager Plugin.
    plugin: {
      "name": "Dependency Manager Plugin",
      "installingDrivers": []
    }
[1670352775671] INFO  (ext): Connection explorer changed. Will be updated.
    ns: "conn-man:explorer"
[1670352775671] INFO  (ext): registering History Manager Plugin.
    plugin: {
      "name": "History Manager Plugin"
    }
[1670352775672] INFO  (ext): registering Bookmarks Manager Plugin.
    plugin: {
      "name": "Bookmarks Manager Plugin"
    }
[1670352775673] INFO  (ext): SQLTools activation completed. 467.951538 ms
[1670352775709] INFO  (ext): Formatter Plugin registered!
[1670352775710] INFO  (ext): CodeLens Plugin registered!
[1670352775710] INFO  (ext): Dependency Manager Plugin registered!
[1670352775711] INFO  (ext): Connection Manager Plugin registered!
[1670352775711] INFO  (ext): History Manager Plugin registered!
[1670352775711] INFO  (ext): Bookmarks Manager Plugin registered!
[1670352777941] INFO  (ext): EXECUTING COMMAND => sqltools.refreshTree
[1670352777943] INFO  (ext): Connection explorer changed. Will be updated.
    ns: "conn-man:explorer"
[1670352775964] INFO  (ls): SQLTools Server started!
===============================
Using node runtime?: yes
ExecPath: /opt/nodejs/node-v16.11.1-linux-x64/bin/node v16.11.1
===============================
[1670352775971] INFO  (ls): User defined env vars
===============================
{"PATH":"/usr/local/sbin:/usr/local/bin:/usr/sbin:/usr/bin:/sbin:/bin:/home/user/.node_modules_global/bin"}
===============================:
[1670352778093] INFO  (ext): LanguageClient ready
    ns: "lc"
[1670352778125] INFO  (ext): Connection explorer changed. Will be updated.
    ns: "conn-man:explorer"
[1670352778090] INFO  (ls): Initialized with node version:v16.11.1
[1670352782859] INFO  (ext): registering SQLite Plugin (driver).
    plugin: {
      "extensionId": "mtxr.sqltools-driver-sqlite",
      "name": "SQLite Plugin",
      "type": "driver"
    }
[1670352782860] INFO  (ls): REQUEST RECEIVED => ls/RegisterPlugin
[1670352782860] INFO  (ls): request to register plugin: "/extbin/local/openvscode-server/extensions/sqltools-driver-sqlite-0.4.0/out/ls/plugin.js"
[1670352782903] INFO  (ls): Driver sqlite registered!
    place: "driver-map"
    ns: "ls-context"
[1670352782915] INFO  (ext): SQLite Plugin (driver) registered!
[1670352784919] INFO  (ext): EXECUTING COMMAND => sqltools.refreshTree
[1670352784920] INFO  (ext): Connection explorer changed. Will be updated.
    ns: "conn-man:explorer"
