20:08:03 [INFO] - Running activation sequence for Fiori tools - Application Modeler
20:08:03 [INFO] - Configurations: 'sap.ux.applicationModeler.showJsonSchemas': false; isTheia(): false; isAppStudio(): true
20:08:04 [INFO] - Register Fiori tools file system for configurations...
20:08:04 [INFO] - ...Fiori tools file system registered in 0.711ms
20:08:04 [INFO] - Register views for configurations...
20:08:04 [INFO] - ...views for configurations registered in 0.787ms
20:08:04 [INFO] - Register commands...
20:08:04 [INFO] - ...commands registered in 4.032ms
20:08:04 [INFO] - Activating sync module...
20:08:04 [INFO] - Virtual file system ftfs initialized in 0.145ms
20:08:04 [INFO] - Searching for projects in these workspace folders: 
[ '/home/user' ]
20:08:05 [INFO] - SAP UX projects found and added in 1112.892ms
20:08:05 [INFO] - Start watching **/package.json
20:08:05 [INFO] - package.json watched in 0.887ms
20:08:05 [INFO] - Start watching for workspace folder changes
20:08:05 [INFO] - Workspace folders watched in 0.538ms
20:08:05 [INFO] - Configs watched in 0.187ms
20:08:05 [INFO] - ...sync module activated in 1117.396ms
20:08:05 [INFO] - Activating launch config integration
20:08:05 [INFO] - Handler for Fiori launch configuration registered
20:08:05 [INFO] - ...launch config integration activated in 1.396ms
20:08:05 [INFO] - Activating migration module...
20:08:05 [INFO] - SAP Fiori tools - Application Modeler
'Migration start watching for workspace folder changes'
20:08:05 [INFO] - Workspace folders watched in 0.630ms
20:08:05 [INFO] - SAP Fiori tools - Application Modeler
'Migration start watching **/package.json'
20:08:05 [INFO] - package.json watched in 0.927ms
20:08:05 [INFO] - SAP Fiori tools - Application Modeler
'Migration start watching **/pom.xml'
20:08:05 [INFO] - pom.xml watched in 0.837ms
20:08:05 [INFO] - SAP Fiori tools - Application Modeler
'Migration start watching **/neo-app.json'
20:08:05 [INFO] - neo-app.json watched in 0.616ms
20:08:05 [INFO] - SAP Fiori tools - Application Modeler
'Migration start watching **/manifest.json'
20:08:05 [INFO] - manifest.json watched in 0.714ms
20:08:08 [INFO] - ...migration module activated in 2495.549ms
20:08:08 [INFO] - activation sequence for Fiori tools - Application Modeler done in 5135.070ms
20:26:41 [INFO] - Searching for projects in these workspace folders: 
[ '/home/user/projects/helloSAP' ]
